This file contains any messages produced by compilers while
running configure, to aid debugging if configure makes a mistake.

It was created by libcharset configure 1.4, which was
generated by GNU Autoconf 2.69.  Invocation command line was

  $ ./configure --disable-option-checking --prefix=/usr/local --cache-file=/dev/null --srcdir=.

## --------- ##
## Platform. ##
## --------- ##

hostname = localhost
uname -m = x86_64
uname -r = 16.7.0
uname -s = Darwin
uname -v = Darwin Kernel Version 16.7.0: Thu Jun 15 17:36:27 PDT 2017; root:xnu-3789.70.16~2/RELEASE_X86_64

/usr/bin/uname -p = i386
/bin/uname -X     = unknown

/bin/arch              = unknown
/usr/bin/arch -k       = unknown
/usr/convex/getsysinfo = unknown
/usr/bin/hostinfo      = Mach kernel version:
	 Darwin Kernel Version 16.7.0: Thu Jun 15 17:36:27 PDT 2017; root:xnu-3789.70.16~2/RELEASE_X86_64
Kernel configured for up to 4 processors.
2 processors are physically available.
4 processors are logically available.
Processor type: x86_64h (Intel x86-64h Haswell)
Processors active: 0 1 2 3
Primary memory available: 4.00 gigabytes
Default processor set: 225 tasks, 1277 threads, 4 processors
Load average: 3.11, Mach factor: 1.57
/bin/machine           = unknown
/usr/bin/oslevel       = unknown
/bin/universe          = unknown

PATH: /Users/Visionin/project/caffe
PATH: /usr/local/bin
PATH: /usr/bin
PATH: /bin
PATH: /usr/sbin
PATH: /sbin
PATH: /Users/Visionin/Library/Android/sdk
PATH: /Users/Visionin/Library/Android/sdk/tools
PATH: /Users/Visionin/Library/Android/sdk/platform-tools
PATH: /Users/Visionin/Library/Android/sdk/build-tools/27.0.1/
PATH: /Users/Visionin/Library/Android/sdk/ndk-bundle


## ----------- ##
## Core tests. ##
## ----------- ##

configure:2204: checking whether make sets $(MAKE)
configure:2226: result: yes
configure:2285: checking for gcc
configure:2301: found /usr/bin/gcc
configure:2312: result: gcc
configure:2541: checking for C compiler version
configure:2550: gcc --version >&5
Apple LLVM version 9.0.0 (clang-900.0.39.2)
Target: x86_64-apple-darwin16.7.0
Thread model: posix
InstalledDir: /Applications/Xcode.app/Contents/Developer/Toolchains/XcodeDefault.xctoolchain/usr/bin
Configured with: --prefix=/Applications/Xcode.app/Contents/Developer/usr --with-gxx-include-dir=/Applications/Xcode.app/Contents/Developer/Platforms/MacOSX.platform/Developer/SDKs/MacOSX10.13.sdk/usr/include/c++/4.2.1
configure:2561: $? = 0
configure:2550: gcc -v >&5
Configured with: --prefix=/Applications/Xcode.app/Contents/Developer/usr --with-gxx-include-dir=/Applications/Xcode.app/Contents/Developer/Platforms/MacOSX.platform/Developer/SDKs/MacOSX10.13.sdk/usr/include/c++/4.2.1
Apple LLVM version 9.0.0 (clang-900.0.39.2)
Target: x86_64-apple-darwin16.7.0
Thread model: posix
InstalledDir: /Applications/Xcode.app/Contents/Developer/Toolchains/XcodeDefault.xctoolchain/usr/bin
configure:2561: $? = 0
configure:2550: gcc -V >&5
clang: error: argument to '-V' is missing (expected 1 value)
clang: error: no input files
configure:2561: $? = 1
configure:2550: gcc -qversion >&5
clang: error: unknown argument: '-qversion'
clang: error: no input files
configure:2561: $? = 1
configure:2581: checking whether the C compiler works
configure:2603: gcc    conftest.c  >&5
configure:2607: $? = 0
configure:2655: result: yes
configure:2658: checking for C compiler default output file name
configure:2660: result: a.out
configure:2666: checking for suffix of executables
configure:2673: gcc -o conftest    conftest.c  >&5
configure:2677: $? = 0
configure:2699: result: 
configure:2721: checking whether we are cross compiling
configure:2729: gcc -o conftest    conftest.c  >&5
configure:2733: $? = 0
configure:2740: ./conftest
configure:2744: $? = 0
configure:2759: result: no
configure:2764: checking for suffix of object files
configure:2786: gcc -c   conftest.c >&5
configure:2790: $? = 0
configure:2811: result: o
configure:2815: checking whether we are using the GNU C compiler
configure:2834: gcc -c   conftest.c >&5
configure:2834: $? = 0
configure:2843: result: yes
configure:2852: checking whether gcc accepts -g
configure:2872: gcc -c -g  conftest.c >&5
configure:2872: $? = 0
configure:2913: result: yes
configure:2930: checking for gcc option to accept ISO C89
configure:2993: gcc  -c -g -O2  conftest.c >&5
configure:2993: $? = 0
configure:3006: result: none needed
configure:3031: checking how to run the C preprocessor
configure:3062: gcc -E  conftest.c
configure:3062: $? = 0
configure:3076: gcc -E  conftest.c
conftest.c:9:10: fatal error: 'ac_nonexistent.h' file not found
#include <ac_nonexistent.h>
         ^~~~~~~~~~~~~~~~~~
1 error generated.
configure:3076: $? = 1
configure: failed program was:
| /* confdefs.h */
| #define PACKAGE_NAME "libcharset"
| #define PACKAGE_TARNAME "libcharset"
| #define PACKAGE_VERSION "1.4"
| #define PACKAGE_STRING "libcharset 1.4"
| #define PACKAGE_BUGREPORT ""
| #define PACKAGE_URL ""
| /* end confdefs.h.  */
| #include <ac_nonexistent.h>
configure:3101: result: gcc -E
configure:3121: gcc -E  conftest.c
configure:3121: $? = 0
configure:3135: gcc -E  conftest.c
conftest.c:9:10: fatal error: 'ac_nonexistent.h' file not found
#include <ac_nonexistent.h>
         ^~~~~~~~~~~~~~~~~~
1 error generated.
configure:3135: $? = 1
configure: failed program was:
| /* confdefs.h */
| #define PACKAGE_NAME "libcharset"
| #define PACKAGE_TARNAME "libcharset"
| #define PACKAGE_VERSION "1.4"
| #define PACKAGE_STRING "libcharset 1.4"
| #define PACKAGE_BUGREPORT ""
| #define PACKAGE_URL ""
| /* end confdefs.h.  */
| #include <ac_nonexistent.h>
configure:3177: checking for a BSD-compatible install
configure:3245: result: /usr/bin/install -c
configure:3262: checking build system type
configure:3276: result: x86_64-apple-darwin16.7.0
configure:3296: checking host system type
configure:3309: result: x86_64-apple-darwin16.7.0
configure:3332: checking whether to activate relocatable installation
configure:3347: result: no
configure:3376: checking for grep that handles long lines and -e
configure:3434: result: /usr/bin/grep
configure:3439: checking for egrep
configure:3501: result: /usr/bin/grep -E
configure:3506: checking for ANSI C header files
configure:3526: gcc -c -g -O2  conftest.c >&5
configure:3526: $? = 0
configure:3599: gcc -o conftest -g -O2   conftest.c  >&5
configure:3599: $? = 0
configure:3599: ./conftest
configure:3599: $? = 0
configure:3610: result: yes
configure:3623: checking for sys/types.h
configure:3623: gcc -c -g -O2  conftest.c >&5
configure:3623: $? = 0
configure:3623: result: yes
configure:3623: checking for sys/stat.h
configure:3623: gcc -c -g -O2  conftest.c >&5
configure:3623: $? = 0
configure:3623: result: yes
configure:3623: checking for stdlib.h
configure:3623: gcc -c -g -O2  conftest.c >&5
configure:3623: $? = 0
configure:3623: result: yes
configure:3623: checking for string.h
configure:3623: gcc -c -g -O2  conftest.c >&5
configure:3623: $? = 0
configure:3623: result: yes
configure:3623: checking for memory.h
configure:3623: gcc -c -g -O2  conftest.c >&5
configure:3623: $? = 0
configure:3623: result: yes
configure:3623: checking for strings.h
configure:3623: gcc -c -g -O2  conftest.c >&5
configure:3623: $? = 0
configure:3623: result: yes
configure:3623: checking for inttypes.h
configure:3623: gcc -c -g -O2  conftest.c >&5
configure:3623: $? = 0
configure:3623: result: yes
configure:3623: checking for stdint.h
configure:3623: gcc -c -g -O2  conftest.c >&5
configure:3623: $? = 0
configure:3623: result: yes
configure:3623: checking for unistd.h
configure:3623: gcc -c -g -O2  conftest.c >&5
configure:3623: $? = 0
configure:3623: result: yes
configure:3636: checking minix/config.h usability
configure:3636: gcc -c -g -O2  conftest.c >&5
conftest.c:53:10: fatal error: 'minix/config.h' file not found
#include <minix/config.h>
         ^~~~~~~~~~~~~~~~
1 error generated.
configure:3636: $? = 1
configure: failed program was:
| /* confdefs.h */
| #define PACKAGE_NAME "libcharset"
| #define PACKAGE_TARNAME "libcharset"
| #define PACKAGE_VERSION "1.4"
| #define PACKAGE_STRING "libcharset 1.4"
| #define PACKAGE_BUGREPORT ""
| #define PACKAGE_URL ""
| #define INSTALLPREFIX "/usr/local"
| #define STDC_HEADERS 1
| #define HAVE_SYS_TYPES_H 1
| #define HAVE_SYS_STAT_H 1
| #define HAVE_STDLIB_H 1
| #define HAVE_STRING_H 1
| #define HAVE_MEMORY_H 1
| #define HAVE_STRINGS_H 1
| #define HAVE_INTTYPES_H 1
| #define HAVE_STDINT_H 1
| #define HAVE_UNISTD_H 1
| /* end confdefs.h.  */
| #include <stdio.h>
| #ifdef HAVE_SYS_TYPES_H
| # include <sys/types.h>
| #endif
| #ifdef HAVE_SYS_STAT_H
| # include <sys/stat.h>
| #endif
| #ifdef STDC_HEADERS
| # include <stdlib.h>
| # include <stddef.h>
| #else
| # ifdef HAVE_STDLIB_H
| #  include <stdlib.h>
| # endif
| #endif
| #ifdef HAVE_STRING_H
| # if !defined STDC_HEADERS && defined HAVE_MEMORY_H
| #  include <memory.h>
| # endif
| # include <string.h>
| #endif
| #ifdef HAVE_STRINGS_H
| # include <strings.h>
| #endif
| #ifdef HAVE_INTTYPES_H
| # include <inttypes.h>
| #endif
| #ifdef HAVE_STDINT_H
| # include <stdint.h>
| #endif
| #ifdef HAVE_UNISTD_H
| # include <unistd.h>
| #endif
| #include <minix/config.h>
configure:3636: result: no
configure:3636: checking minix/config.h presence
configure:3636: gcc -E  conftest.c
conftest.c:20:10: fatal error: 'minix/config.h' file not found
#include <minix/config.h>
         ^~~~~~~~~~~~~~~~
1 error generated.
configure:3636: $? = 1
configure: failed program was:
| /* confdefs.h */
| #define PACKAGE_NAME "libcharset"
| #define PACKAGE_TARNAME "libcharset"
| #define PACKAGE_VERSION "1.4"
| #define PACKAGE_STRING "libcharset 1.4"
| #define PACKAGE_BUGREPORT ""
| #define PACKAGE_URL ""
| #define INSTALLPREFIX "/usr/local"
| #define STDC_HEADERS 1
| #define HAVE_SYS_TYPES_H 1
| #define HAVE_SYS_STAT_H 1
| #define HAVE_STDLIB_H 1
| #define HAVE_STRING_H 1
| #define HAVE_MEMORY_H 1
| #define HAVE_STRINGS_H 1
| #define HAVE_INTTYPES_H 1
| #define HAVE_STDINT_H 1
| #define HAVE_UNISTD_H 1
| /* end confdefs.h.  */
| #include <minix/config.h>
configure:3636: result: no
configure:3636: checking for minix/config.h
configure:3636: result: no
configure:3657: checking whether it is safe to define __EXTENSIONS__
configure:3675: gcc -c -g -O2  conftest.c >&5
configure:3675: $? = 0
configure:3682: result: yes
configure:3748: checking how to print strings
configure:3775: result: printf
configure:3796: checking for a sed that does not truncate output
configure:3860: result: /usr/bin/sed
configure:3878: checking for fgrep
configure:3940: result: /usr/bin/grep -F
configure:3975: checking for ld used by gcc
configure:4042: result: /Applications/Xcode.app/Contents/Developer/Toolchains/XcodeDefault.xctoolchain/usr/bin/ld
configure:4049: checking if the linker (/Applications/Xcode.app/Contents/Developer/Toolchains/XcodeDefault.xctoolchain/usr/bin/ld) is GNU ld
configure:4064: result: no
configure:4076: checking for BSD- or MS-compatible name lister (nm)
configure:4130: result: /usr/bin/nm -B
configure:4260: checking the name lister (/usr/bin/nm -B) interface
configure:4267: gcc -c -g -O2  conftest.c >&5
configure:4270: /usr/bin/nm -B "conftest.o"
configure:4273: output
000000000000020c S _some_variable
configure:4280: result: BSD nm
configure:4283: checking whether ln -s works
configure:4287: result: yes
configure:4295: checking the maximum length of command line arguments
configure:4426: result: 196608
configure:4474: checking how to convert x86_64-apple-darwin16.7.0 file names to x86_64-apple-darwin16.7.0 format
configure:4514: result: func_convert_file_noop
configure:4521: checking how to convert x86_64-apple-darwin16.7.0 file names to toolchain format
configure:4541: result: func_convert_file_noop
configure:4548: checking for /Applications/Xcode.app/Contents/Developer/Toolchains/XcodeDefault.xctoolchain/usr/bin/ld option to reload object files
configure:4555: result: -r
configure:4629: checking for objdump
configure:4645: found /usr/bin/objdump
configure:4656: result: objdump
configure:4685: checking how to recognize dependent libraries
configure:4885: result: pass_all
configure:4970: checking for dlltool
configure:5000: result: no
configure:5027: checking how to associate runtime and link libraries
configure:5054: result: printf %s\n
configure:5114: checking for ar
configure:5130: found /usr/bin/ar
configure:5141: result: ar
configure:5178: checking for archiver @FILE support
configure:5195: gcc -c -g -O2  conftest.c >&5
configure:5195: $? = 0
configure:5198: ar cru libconftest.a @conftest.lst >&5
ar: @conftest.lst: No such file or directory
configure:5201: $? = 1
configure:5221: result: no
configure:5279: checking for strip
configure:5295: found /usr/bin/strip
configure:5306: result: strip
configure:5378: checking for ranlib
configure:5394: found /usr/bin/ranlib
configure:5405: result: ranlib
configure:5482: checking for gawk
configure:5512: result: no
configure:5482: checking for mawk
configure:5512: result: no
configure:5482: checking for nawk
configure:5512: result: no
configure:5482: checking for awk
configure:5498: found /usr/bin/awk
configure:5509: result: awk
configure:5549: checking command to parse /usr/bin/nm -B output from gcc object
configure:5702: gcc -c -g -O2  conftest.c >&5
configure:5705: $? = 0
configure:5709: /usr/bin/nm -B conftest.o \| sed -n -e 's/^.*[ ]\([BCDEGRST][BCDEGRST]*\)[ ][ ]*\([_A-Za-z][_A-Za-z0-9]*\)$/\1 \2 \2/p' | sed '/ __gnu_lto/d' \> conftest.nm
configure:5712: $? = 0
cannot find nm_test_var in conftest.nm
configure:5702: gcc -c -g -O2  conftest.c >&5
configure:5705: $? = 0
configure:5709: /usr/bin/nm -B conftest.o \| sed -n -e 's/^.*[ ]\([BCDEGRST][BCDEGRST]*\)[ ][ ]*_\([_A-Za-z][_A-Za-z0-9]*\)$/\1 _\2 \2/p' | sed '/ __gnu_lto/d' \> conftest.nm
configure:5712: $? = 0
configure:5778: gcc -o conftest -g -O2   conftest.c conftstm.o >&5
warning: (x86_64)  could not find object file symbol for symbol _main
configure:5781: $? = 0
configure:5819: result: ok
configure:5866: checking for sysroot
configure:5896: result: no
configure:5903: checking for a working dd
configure:5941: result: /bin/dd
configure:5945: checking how to truncate binary pipes
configure:5960: result: /bin/dd bs=4096 count=1
configure:6289: checking for mt
configure:6319: result: no
configure:6339: checking if : is a manifest tool
configure:6345: : '-?'
configure:6353: result: no
configure:6409: checking for dsymutil
configure:6425: found /usr/bin/dsymutil
configure:6436: result: dsymutil
configure:6501: checking for nmedit
configure:6517: found /usr/bin/nmedit
configure:6528: result: nmedit
configure:6593: checking for lipo
configure:6609: found /usr/bin/lipo
configure:6620: result: lipo
configure:6685: checking for otool
configure:6701: found /usr/bin/otool
configure:6712: result: otool
configure:6777: checking for otool64
configure:6807: result: no
configure:6852: checking for -single_module linker flag
gcc -g -O2  -o libconftest.dylib -dynamiclib -Wl,-single_module conftest.c
configure:6885: result: yes
configure:6888: checking for -exported_symbols_list linker flag
configure:6908: gcc -o conftest -g -O2   -Wl,-exported_symbols_list,conftest.sym conftest.c  >&5
configure:6908: $? = 0
configure:6918: result: yes
configure:6921: checking for -force_load linker flag
gcc -g -O2 -c -o conftest.o conftest.c
ar cru libconftest.a conftest.o
ranlib libconftest.a
gcc -g -O2  -o conftest conftest.c -Wl,-force_load,./libconftest.a
configure:6953: result: yes
configure:7027: checking for dlfcn.h
configure:7027: gcc -c -g -O2  conftest.c >&5
configure:7027: $? = 0
configure:7027: result: yes
configure:7581: checking for objdir
configure:7596: result: .libs
configure:7860: checking if gcc supports -fno-rtti -fno-exceptions
configure:7878: gcc -c -g -O2  -fno-rtti -fno-exceptions conftest.c >&5
configure:7882: $? = 0
configure:7895: result: yes
configure:8253: checking for gcc option to produce PIC
configure:8260: result: -fno-common -DPIC
configure:8268: checking if gcc PIC flag -fno-common -DPIC works
configure:8286: gcc -c -g -O2  -fno-common -DPIC -DPIC conftest.c >&5
configure:8290: $? = 0
configure:8303: result: yes
configure:8332: checking if gcc static flag -static works
configure:8360: result: no
configure:8375: checking if gcc supports -c -o file.o
configure:8396: gcc -c -g -O2  -o out/conftest2.o conftest.c >&5
configure:8400: $? = 0
configure:8422: result: yes
configure:8430: checking if gcc supports -c -o file.o
configure:8477: result: yes
configure:8510: checking whether the gcc linker (/Applications/Xcode.app/Contents/Developer/Toolchains/XcodeDefault.xctoolchain/usr/bin/ld) supports shared libraries
configure:9769: result: yes
configure:10009: checking dynamic linker characteristics
configure:10827: result: darwin16.7.0 dyld
configure:10949: checking how to hardcode library paths into programs
configure:10974: result: immediate
configure:11522: checking whether stripping libraries is possible
configure:11536: result: yes
configure:11562: checking if libtool supports shared libraries
configure:11564: result: yes
configure:11567: checking whether to build shared libraries
configure:11592: result: yes
configure:11595: checking whether to build static libraries
configure:11599: result: yes
configure:11641: checking whether the -Werror option is usable
configure:11660: gcc -c -g -O2 -Werror  conftest.c >&5
configure:11660: $? = 0
configure:11669: result: yes
configure:11671: checking for simple visibility declarations
configure:11698: gcc -c -g -O2 -fvisibility=hidden -Werror  conftest.c >&5
configure:11698: $? = 0
configure:11707: result: yes
configure:11725: checking for nl_langinfo and CODESET
configure:11741: gcc -o conftest -g -O2   conftest.c  >&5
configure:11741: $? = 0
configure:11750: result: yes
configure:11764: checking for unistd.h
configure:11764: result: yes
configure:11783: checking for symlink
configure:11783: gcc -o conftest -g -O2   conftest.c  >&5
configure:11783: $? = 0
configure:11783: result: yes
configure:11799: checking for working fcntl.h
configure:11902: gcc -o conftest -g -O2   conftest.c  >&5
conftest.c:57:27: warning: address of array 'constants' will always evaluate to 'true' [-Wpointer-bool-conversion]
            int result = !constants;
                         ~^~~~~~~~~
1 warning generated.
configure:11902: $? = 0
configure:11902: ./conftest
configure:11902: $? = 64
configure: program exited with status 64
configure: failed program was:
| /* confdefs.h */
| #define PACKAGE_NAME "libcharset"
| #define PACKAGE_TARNAME "libcharset"
| #define PACKAGE_VERSION "1.4"
| #define PACKAGE_STRING "libcharset 1.4"
| #define PACKAGE_BUGREPORT ""
| #define PACKAGE_URL ""
| #define INSTALLPREFIX "/usr/local"
| #define STDC_HEADERS 1
| #define HAVE_SYS_TYPES_H 1
| #define HAVE_SYS_STAT_H 1
| #define HAVE_STDLIB_H 1
| #define HAVE_STRING_H 1
| #define HAVE_MEMORY_H 1
| #define HAVE_STRINGS_H 1
| #define HAVE_INTTYPES_H 1
| #define HAVE_STDINT_H 1
| #define HAVE_UNISTD_H 1
| #define __EXTENSIONS__ 1
| #define _ALL_SOURCE 1
| #define _GNU_SOURCE 1
| #define _POSIX_PTHREAD_SEMANTICS 1
| #define _TANDEM_SOURCE 1
| #define HAVE_DLFCN_H 1
| #define LT_OBJDIR ".libs/"
| #define HAVE_VISIBILITY 1
| #define HAVE_LANGINFO_CODESET 1
| #define HAVE_UNISTD_H 1
| #define HAVE_SYMLINK 1
| /* end confdefs.h.  */
| #include <sys/types.h>
|            #include <sys/stat.h>
|            #if HAVE_UNISTD_H
|            # include <unistd.h>
|            #else /* on Windows with MSVC */
|            # include <io.h>
|            # include <stdlib.h>
|            # defined sleep(n) _sleep ((n) * 1000)
|            #endif
|            #include <fcntl.h>
|            #ifndef O_NOATIME
|             #define O_NOATIME 0
|            #endif
|            #ifndef O_NOFOLLOW
|             #define O_NOFOLLOW 0
|            #endif
|            static int const constants[] =
|             {
|               O_CREAT, O_EXCL, O_NOCTTY, O_TRUNC, O_APPEND,
|               O_NONBLOCK, O_SYNC, O_ACCMODE, O_RDONLY, O_RDWR, O_WRONLY
|             };
| 
| int
| main ()
| {
| 
|             int result = !constants;
|             #if HAVE_SYMLINK
|             {
|               static char const sym[] = "conftest.sym";
|               if (symlink ("/dev/null", sym) != 0)
|                 result |= 2;
|               else
|                 {
|                   int fd = open (sym, O_WRONLY | O_NOFOLLOW | O_CREAT, 0);
|                   if (fd >= 0)
|                     {
|                       close (fd);
|                       result |= 4;
|                     }
|                 }
|               if (unlink (sym) != 0 || symlink (".", sym) != 0)
|                 result |= 2;
|               else
|                 {
|                   int fd = open (sym, O_RDONLY | O_NOFOLLOW);
|                   if (fd >= 0)
|                     {
|                       close (fd);
|                       result |= 4;
|                     }
|                 }
|               unlink (sym);
|             }
|             #endif
|             {
|               static char const file[] = "confdefs.h";
|               int fd = open (file, O_RDONLY | O_NOATIME);
|               if (fd < 0)
|                 result |= 8;
|               else
|                 {
|                   struct stat st0;
|                   if (fstat (fd, &st0) != 0)
|                     result |= 16;
|                   else
|                     {
|                       char c;
|                       sleep (1);
|                       if (read (fd, &c, 1) != 1)
|                         result |= 24;
|                       else
|                         {
|                           if (close (fd) != 0)
|                             result |= 32;
|                           else
|                             {
|                               struct stat st1;
|                               if (stat (file, &st1) != 0)
|                                 result |= 40;
|                               else
|                                 if (st0.st_atime != st1.st_atime)
|                                   result |= 64;
|                             }
|                         }
|                     }
|                 }
|             }
|             return result;
|   ;
|   return 0;
| }
configure:11917: result: no (bad O_NOATIME)
configure:11941: checking whether we are using the GNU C Library >= 2.1 or uClibc
conftest.c:34:10: fatal error: 'features.h' file not found
#include <features.h>
         ^~~~~~~~~~~~
1 error generated.
configure:11971: result: no
configure:11979: checking for setlocale
configure:11979: gcc -o conftest -g -O2   conftest.c  >&5
configure:11979: $? = 0
configure:11979: result: yes
configure:12111: creating ./config.status

## ---------------------- ##
## Running config.status. ##
## ---------------------- ##

This file was extended by libcharset config.status 1.4, which was
generated by GNU Autoconf 2.69.  Invocation command line was

  CONFIG_FILES    = 
  CONFIG_HEADERS  = 
  CONFIG_LINKS    = 
  CONFIG_COMMANDS = 
  $ ./config.status 

on localhost

config.status:1064: creating Makefile
config.status:1064: creating lib/Makefile
config.status:1064: creating include/localcharset.h
config.status:1064: creating include/localcharset.h.inst
config.status:1064: creating config.h
config.status:1239: config.h is unchanged
config.status:1253: executing libtool commands

## ---------------- ##
## Cache variables. ##
## ---------------- ##

ac_cv_build=x86_64-apple-darwin16.7.0
ac_cv_c_compiler_gnu=yes
ac_cv_env_CC_set=
ac_cv_env_CC_value=
ac_cv_env_CFLAGS_set=
ac_cv_env_CFLAGS_value=
ac_cv_env_CPPFLAGS_set=
ac_cv_env_CPPFLAGS_value=
ac_cv_env_CPP_set=
ac_cv_env_CPP_value=
ac_cv_env_LDFLAGS_set=
ac_cv_env_LDFLAGS_value=
ac_cv_env_LIBS_set=
ac_cv_env_LIBS_value=
ac_cv_env_LT_SYS_LIBRARY_PATH_set=
ac_cv_env_LT_SYS_LIBRARY_PATH_value=
ac_cv_env_build_alias_set=
ac_cv_env_build_alias_value=
ac_cv_env_host_alias_set=
ac_cv_env_host_alias_value=
ac_cv_env_target_alias_set=
ac_cv_env_target_alias_value=
ac_cv_func_setlocale=yes
ac_cv_func_symlink=yes
ac_cv_gnu_library_2_1=no
ac_cv_header_dlfcn_h=yes
ac_cv_header_inttypes_h=yes
ac_cv_header_memory_h=yes
ac_cv_header_minix_config_h=no
ac_cv_header_stdc=yes
ac_cv_header_stdint_h=yes
ac_cv_header_stdlib_h=yes
ac_cv_header_string_h=yes
ac_cv_header_strings_h=yes
ac_cv_header_sys_stat_h=yes
ac_cv_header_sys_types_h=yes
ac_cv_header_unistd_h=yes
ac_cv_host=x86_64-apple-darwin16.7.0
ac_cv_objext=o
ac_cv_path_EGREP='/usr/bin/grep -E'
ac_cv_path_FGREP='/usr/bin/grep -F'
ac_cv_path_GREP=/usr/bin/grep
ac_cv_path_SED=/usr/bin/sed
ac_cv_path_install='/usr/bin/install -c'
ac_cv_path_lt_DD=/bin/dd
ac_cv_prog_AWK=awk
ac_cv_prog_CPP='gcc -E'
ac_cv_prog_ac_ct_AR=ar
ac_cv_prog_ac_ct_CC=gcc
ac_cv_prog_ac_ct_DSYMUTIL=dsymutil
ac_cv_prog_ac_ct_LIPO=lipo
ac_cv_prog_ac_ct_NMEDIT=nmedit
ac_cv_prog_ac_ct_OBJDUMP=objdump
ac_cv_prog_ac_ct_OTOOL=otool
ac_cv_prog_ac_ct_RANLIB=ranlib
ac_cv_prog_ac_ct_STRIP=strip
ac_cv_prog_cc_c89=
ac_cv_prog_cc_g=yes
ac_cv_prog_make_make_set=yes
ac_cv_safe_to_define___extensions__=yes
am_cv_langinfo_codeset=yes
gl_cv_cc_vis_werror=yes
gl_cv_cc_visibility=yes
gl_cv_header_working_fcntl_h='no (bad O_NOATIME)'
lt_cv_apple_cc_single_mod=yes
lt_cv_ar_at_file=no
lt_cv_deplibs_check_method=pass_all
lt_cv_file_magic_cmd='$MAGIC_CMD'
lt_cv_file_magic_test_file=
lt_cv_ld_exported_symbols_list=yes
lt_cv_ld_force_load=yes
lt_cv_ld_reload_flag=-r
lt_cv_nm_interface='BSD nm'
lt_cv_objdir=.libs
lt_cv_path_LD=/Applications/Xcode.app/Contents/Developer/Toolchains/XcodeDefault.xctoolchain/usr/bin/ld
lt_cv_path_NM='/usr/bin/nm -B'
lt_cv_path_mainfest_tool=no
lt_cv_prog_compiler_c_o=yes
lt_cv_prog_compiler_pic='-fno-common -DPIC'
lt_cv_prog_compiler_pic_works=yes
lt_cv_prog_compiler_rtti_exceptions=yes
lt_cv_prog_compiler_static_works=no
lt_cv_prog_gnu_ld=no
lt_cv_sharedlib_from_linklib_cmd='printf %s\n'
lt_cv_sys_global_symbol_pipe='sed -n -e '\''s/^.*[	 ]\([BCDEGRST][BCDEGRST]*\)[	 ][	 ]*_\([_A-Za-z][_A-Za-z0-9]*\)$/\1 _\2 \2/p'\'' | sed '\''/ __gnu_lto/d'\'''
lt_cv_sys_global_symbol_to_c_name_address='sed -n -e '\''s/^: \(.*\) .*$/  {"\1", (void *) 0},/p'\'' -e '\''s/^[BCDEGRST][BCDEGRST]* .* \(.*\)$/  {"\1", (void *) \&\1},/p'\'''
lt_cv_sys_global_symbol_to_c_name_address_lib_prefix='sed -n -e '\''s/^: \(.*\) .*$/  {"\1", (void *) 0},/p'\'' -e '\''s/^[BCDEGRST][BCDEGRST]* .* \(lib.*\)$/  {"\1", (void *) \&\1},/p'\'' -e '\''s/^[BCDEGRST][BCDEGRST]* .* \(.*\)$/  {"lib\1", (void *) \&\1},/p'\'''
lt_cv_sys_global_symbol_to_cdecl='sed -n -e '\''s/^T .* \(.*\)$/extern int \1();/p'\'' -e '\''s/^[BCDEGRST][BCDEGRST]* .* \(.*\)$/extern char \1;/p'\'''
lt_cv_sys_global_symbol_to_import=
lt_cv_sys_max_cmd_len=196608
lt_cv_to_host_file_cmd=func_convert_file_noop
lt_cv_to_tool_file_cmd=func_convert_file_noop
lt_cv_truncate_bin='/bin/dd bs=4096 count=1'

## ----------------- ##
## Output variables. ##
## ----------------- ##

AR='ar'
AS='as'
AWK='awk'
CC='gcc'
CFLAGS='-g -O2'
CFLAG_VISIBILITY='-fvisibility=hidden'
CPP='gcc -E'
CPPFLAGS=''
DEFS='-DHAVE_CONFIG_H'
DLLTOOL='false'
DSYMUTIL='dsymutil'
DUMPBIN=''
ECHO_C='\c'
ECHO_N=''
ECHO_T=''
EGREP='/usr/bin/grep -E'
EXEEXT=''
FGREP='/usr/bin/grep -F'
GLIBC21='no'
GREP='/usr/bin/grep'
HAVE_VISIBILITY='1'
INSTALL_DATA='${INSTALL} -m 644'
INSTALL_PROGRAM='${INSTALL}'
INSTALL_SCRIPT='${INSTALL}'
LD='/Applications/Xcode.app/Contents/Developer/Toolchains/XcodeDefault.xctoolchain/usr/bin/ld'
LDFLAGS=''
LIBOBJS=''
LIBS=''
LIBTOOL='/bin/sh $(top_builddir)/libtool'
LIPO='lipo'
LN_S='ln -s'
LTLIBOBJS=''
LT_SYS_LIBRARY_PATH=''
MANIFEST_TOOL=':'
NM='/usr/bin/nm -B'
NMEDIT='nmedit'
OBJDUMP='objdump'
OBJEXT='o'
OTOOL64=':'
OTOOL='otool'
PACKAGE_BUGREPORT=''
PACKAGE_NAME='libcharset'
PACKAGE_STRING='libcharset 1.4'
PACKAGE_TARNAME='libcharset'
PACKAGE_URL=''
PACKAGE_VERSION='1.4'
PATH_SEPARATOR=':'
RANLIB='ranlib'
RELOCATABLE='no'
SED='/usr/bin/sed'
SET_MAKE=''
SHELL='/bin/sh'
STRIP='strip'
ac_ct_AR='ar'
ac_ct_CC='gcc'
ac_ct_DUMPBIN=''
bindir='${exec_prefix}/bin'
build='x86_64-apple-darwin16.7.0'
build_alias=''
build_cpu='x86_64'
build_os='darwin16.7.0'
build_vendor='apple'
datadir='${datarootdir}'
datarootdir='${prefix}/share'
docdir='${datarootdir}/doc/${PACKAGE_TARNAME}'
dvidir='${docdir}'
exec_prefix='${prefix}'
host='x86_64-apple-darwin16.7.0'
host_alias=''
host_cpu='x86_64'
host_os='darwin16.7.0'
host_vendor='apple'
htmldir='${docdir}'
includedir='${prefix}/include'
infodir='${datarootdir}/info'
libdir='${exec_prefix}/lib'
libexecdir='${exec_prefix}/libexec'
localedir='${datarootdir}/locale'
localstatedir='${prefix}/var'
mandir='${datarootdir}/man'
oldincludedir='/usr/include'
pdfdir='${docdir}'
prefix='/usr/local'
program_transform_name='s,x,x,'
psdir='${docdir}'
sbindir='${exec_prefix}/sbin'
sharedstatedir='${prefix}/com'
sysconfdir='${prefix}/etc'
target_alias=''

## ----------- ##
## confdefs.h. ##
## ----------- ##

/* confdefs.h */
#define PACKAGE_NAME "libcharset"
#define PACKAGE_TARNAME "libcharset"
#define PACKAGE_VERSION "1.4"
#define PACKAGE_STRING "libcharset 1.4"
#define PACKAGE_BUGREPORT ""
#define PACKAGE_URL ""
#define INSTALLPREFIX "/usr/local"
#define STDC_HEADERS 1
#define HAVE_SYS_TYPES_H 1
#define HAVE_SYS_STAT_H 1
#define HAVE_STDLIB_H 1
#define HAVE_STRING_H 1
#define HAVE_MEMORY_H 1
#define HAVE_STRINGS_H 1
#define HAVE_INTTYPES_H 1
#define HAVE_STDINT_H 1
#define HAVE_UNISTD_H 1
#define __EXTENSIONS__ 1
#define _ALL_SOURCE 1
#define _GNU_SOURCE 1
#define _POSIX_PTHREAD_SEMANTICS 1
#define _TANDEM_SOURCE 1
#define HAVE_DLFCN_H 1
#define LT_OBJDIR ".libs/"
#define HAVE_VISIBILITY 1
#define HAVE_LANGINFO_CODESET 1
#define HAVE_UNISTD_H 1
#define HAVE_SYMLINK 1
#define HAVE_WORKING_O_NOATIME 0
#define HAVE_WORKING_O_NOFOLLOW 1
#define HAVE_SETLOCALE 1

configure: exit 0
